d:\学习资料\c\工程文件\静态库导入\静态库导入\debug\vc142.pdb
d:\学习资料\c\工程文件\静态库导入\静态库导入\debug\vc142.idb
d:\学习资料\c\工程文件\静态库导入\静态库导入\debug\test.obj
d:\学习资料\c\工程文件\静态库导入\静态库导入\debug\add.obj
d:\学习资料\c\工程文件\静态库导入\debug\静态库导入.lib
d:\学习资料\c\工程文件\静态库导入\debug\静态库导入.exe
d:\学习资料\c\工程文件\静态库导入\debug\静态库导入.ilk
d:\学习资料\c\工程文件\静态库导入\debug\静态库导入.pdb
d:\学习资料\c\工程文件\静态库导入\静态库导入\debug\静态库导入.idb
d:\学习资料\c\工程文件\静态库导入\静态库导入\debug\静态库导入.pdb
d:\学习资料\c\工程文件\静态库导入\静态库导入\debug\静态库导入.tlog\cl.command.1.tlog
d:\学习资料\c\工程文件\静态库导入\静态库导入\debug\静态库导入.tlog\cl.read.1.tlog
d:\学习资料\c\工程文件\静态库导入\静态库导入\debug\静态库导入.tlog\cl.write.1.tlog
d:\学习资料\c\工程文件\静态库导入\静态库导入\debug\静态库导入.tlog\lib-link.read.1.tlog
d:\学习资料\c\工程文件\静态库导入\静态库导入\debug\静态库导入.tlog\lib-link.write.1.tlog
d:\学习资料\c\工程文件\静态库导入\静态库导入\debug\静态库导入.tlog\lib.command.1.tlog
d:\学习资料\c\工程文件\静态库导入\静态库导入\debug\静态库导入.tlog\link.command.1.tlog
d:\学习资料\c\工程文件\静态库导入\静态库导入\debug\静态库导入.tlog\link.read.1.tlog
d:\学习资料\c\工程文件\静态库导入\静态库导入\debug\静态库导入.tlog\link.write.1.tlog
d:\学习资料\c\工程文件\静态库导入\静态库导入\debug\静态库导入.tlog\静态库导入.write.1u.tlog
